mode: set
catviewer/main.go:8.13,13.2 2 0
catviewer/routers/router.go:8.13,26.2 7 0
catviewer/controllers/cat_controller.go:22.40,30.2 4 0
catviewer/controllers/cat_controller.go:33.42,42.12 2 0
catviewer/controllers/cat_controller.go:42.12,44.17 2 0
catviewer/controllers/cat_controller.go:44.17,51.4 2 0
catviewer/controllers/cat_controller.go:53.3,55.17 3 0
catviewer/controllers/cat_controller.go:55.17,62.4 2 0
catviewer/controllers/cat_controller.go:63.3,67.17 4 0
catviewer/controllers/cat_controller.go:67.17,74.4 2 0
catviewer/controllers/cat_controller.go:75.3,78.17 3 0
catviewer/controllers/cat_controller.go:78.17,85.4 2 0
catviewer/controllers/cat_controller.go:87.3,89.37 3 0
catviewer/controllers/cat_controller.go:89.37,96.4 2 0
catviewer/controllers/cat_controller.go:98.3,104.32 3 0
catviewer/controllers/cat_controller.go:108.2,109.23 2 0
catviewer/controllers/cat_controller.go:109.23,113.3 2 0
catviewer/controllers/cat_controller.go:114.2,114.30 1 0
catviewer/controllers/cat_controller.go:119.36,121.43 2 0
catviewer/controllers/cat_controller.go:121.43,126.3 4 0
catviewer/controllers/cat_controller.go:128.2,129.19 2 0
catviewer/controllers/cat_controller.go:129.19,134.3 4 0
catviewer/controllers/cat_controller.go:137.2,142.43 2 0
catviewer/controllers/cat_controller.go:147.54,149.16 2 0
catviewer/controllers/cat_controller.go:149.16,152.3 2 0
catviewer/controllers/cat_controller.go:154.2,164.12 5 0
catviewer/controllers/cat_controller.go:164.12,166.17 2 0
catviewer/controllers/cat_controller.go:166.17,169.4 2 0
catviewer/controllers/cat_controller.go:171.3,172.17 2 0
catviewer/controllers/cat_controller.go:172.17,175.4 2 0
catviewer/controllers/cat_controller.go:177.3,182.17 5 0
catviewer/controllers/cat_controller.go:182.17,185.4 2 0
catviewer/controllers/cat_controller.go:186.3,189.17 3 0
catviewer/controllers/cat_controller.go:189.17,192.4 2 0
catviewer/controllers/cat_controller.go:194.3,194.44 1 0
catviewer/controllers/cat_controller.go:194.44,196.4 1 0
catviewer/controllers/cat_controller.go:196.9,198.4 1 0
catviewer/controllers/cat_controller.go:202.2,202.9 1 0
catviewer/controllers/cat_controller.go:203.37,204.24 1 0
catviewer/controllers/cat_controller.go:205.29,206.29 1 0
catviewer/controllers/cat_controller.go:212.43,214.16 2 0
catviewer/controllers/cat_controller.go:214.16,218.3 3 0
catviewer/controllers/cat_controller.go:221.2,228.40 4 0
catviewer/controllers/cat_controller.go:228.40,230.17 2 0
catviewer/controllers/cat_controller.go:230.17,233.4 2 0
catviewer/controllers/cat_controller.go:234.3,238.17 4 0
catviewer/controllers/cat_controller.go:238.17,241.4 2 0
catviewer/controllers/cat_controller.go:242.3,245.17 3 0
catviewer/controllers/cat_controller.go:245.17,248.4 2 0
catviewer/controllers/cat_controller.go:250.3,252.17 3 0
catviewer/controllers/cat_controller.go:252.17,255.4 2 0
catviewer/controllers/cat_controller.go:258.3,258.19 1 0
catviewer/controllers/cat_controller.go:262.2,262.9 1 0
catviewer/controllers/cat_controller.go:263.24,266.16 2 0
catviewer/controllers/cat_controller.go:267.23,270.16 2 0
catviewer/controllers/cat_controller.go:291.39,294.35 2 0
catviewer/controllers/cat_controller.go:294.35,298.6 3 0
catviewer/controllers/cat_controller.go:301.5,302.22 2 0
catviewer/controllers/cat_controller.go:302.22,304.6 1 0
catviewer/controllers/cat_controller.go:304.11,306.6 1 0
catviewer/controllers/cat_controller.go:310.54,317.12 4 0
catviewer/controllers/cat_controller.go:318.34,319.32 1 0
catviewer/controllers/cat_controller.go:321.32,324.15 3 0
catviewer/controllers/cat_controller.go:327.5,327.18 1 0
catviewer/controllers/cat_controller.go:331.97,338.19 6 0
catviewer/controllers/cat_controller.go:338.19,341.6 2 0
catviewer/controllers/cat_controller.go:342.5,347.19 5 0
catviewer/controllers/cat_controller.go:347.19,350.6 2 0
catviewer/controllers/cat_controller.go:352.5,352.26 1 0
catviewer/controllers/cat_controller.go:356.69,370.12 9 0
catviewer/controllers/cat_controller.go:371.39,371.39 0 0
catviewer/controllers/cat_controller.go:372.31,375.15 3 0
catviewer/controllers/cat_controller.go:378.5,378.12 1 0
catviewer/controllers/cat_controller.go:379.39,379.39 0 0
catviewer/controllers/cat_controller.go:380.31,383.15 3 0
catviewer/controllers/cat_controller.go:386.5,390.18 2 0
catviewer/controllers/cat_controller.go:394.103,401.19 6 0
catviewer/controllers/cat_controller.go:401.19,404.6 2 0
catviewer/controllers/cat_controller.go:405.5,410.19 5 0
catviewer/controllers/cat_controller.go:410.19,413.6 2 0
catviewer/controllers/cat_controller.go:415.5,415.32 1 0
catviewer/controllers/cat_controller.go:419.103,426.19 6 0
catviewer/controllers/cat_controller.go:426.19,429.6 2 0
catviewer/controllers/cat_controller.go:430.5,437.19 5 0
catviewer/controllers/cat_controller.go:437.19,440.6 2 0
catviewer/controllers/cat_controller.go:442.5,442.32 1 0
catviewer/controllers/cat_controller.go:451.33,453.2 1 0
catviewer/controllers/cat_controller.go:455.41,459.22 2 0
catviewer/controllers/cat_controller.go:459.22,464.6 4 0
catviewer/controllers/cat_controller.go:467.5,475.19 4 0
catviewer/controllers/cat_controller.go:475.19,480.6 4 0
catviewer/controllers/cat_controller.go:483.5,483.46 1 0
catviewer/controllers/cat_controller.go:486.56,488.19 2 0
catviewer/controllers/cat_controller.go:488.19,491.6 2 0
catviewer/controllers/cat_controller.go:493.5,498.19 3 0
catviewer/controllers/cat_controller.go:498.19,501.6 2 0
catviewer/controllers/cat_controller.go:503.5,504.19 2 0
catviewer/controllers/cat_controller.go:504.19,507.6 2 0
catviewer/controllers/cat_controller.go:509.5,514.19 5 0
catviewer/controllers/cat_controller.go:514.19,517.6 2 0
catviewer/controllers/cat_controller.go:518.5,521.19 3 0
catviewer/controllers/cat_controller.go:521.19,524.6 2 0
catviewer/controllers/cat_controller.go:526.5,526.82 1 0
catviewer/controllers/cat_controller.go:526.82,528.6 1 0
catviewer/controllers/cat_controller.go:528.11,530.6 1 0
catviewer/controllers/cat_controller.go:533.46,535.19 2 0
catviewer/controllers/cat_controller.go:535.19,539.6 3 0
catviewer/controllers/cat_controller.go:542.5,549.43 4 0
catviewer/controllers/cat_controller.go:549.43,551.23 2 0
catviewer/controllers/cat_controller.go:551.23,554.10 2 0
catviewer/controllers/cat_controller.go:555.9,559.23 4 0
catviewer/controllers/cat_controller.go:559.23,562.10 2 0
catviewer/controllers/cat_controller.go:563.9,566.23 3 0
catviewer/controllers/cat_controller.go:566.23,569.10 2 0
catviewer/controllers/cat_controller.go:571.9,573.23 3 0
catviewer/controllers/cat_controller.go:573.23,576.10 2 0
catviewer/controllers/cat_controller.go:579.9,579.24 1 0
catviewer/controllers/cat_controller.go:583.5,583.12 1 0
catviewer/controllers/cat_controller.go:584.27,587.22 2 0
catviewer/controllers/cat_controller.go:588.26,591.22 2 0
catviewer/controllers/cat_controller.go:596.47,599.16 2 0
catviewer/controllers/cat_controller.go:599.16,604.3 4 0
catviewer/controllers/cat_controller.go:606.2,615.12 4 0
catviewer/controllers/cat_controller.go:615.12,621.17 4 0
catviewer/controllers/cat_controller.go:621.17,625.4 3 0
catviewer/controllers/cat_controller.go:628.3,636.17 5 0
catviewer/controllers/cat_controller.go:636.17,640.4 3 0
catviewer/controllers/cat_controller.go:641.3,648.17 4 0
catviewer/controllers/cat_controller.go:648.17,652.4 3 0
catviewer/controllers/cat_controller.go:653.3,656.29 2 0
catviewer/controllers/cat_controller.go:656.29,659.4 2 0
catviewer/controllers/cat_controller.go:659.9,662.4 2 0
catviewer/controllers/cat_controller.go:666.2,669.13 2 0
catviewer/controllers/cat_controller.go:669.13,671.3 1 0
catviewer/controllers/cat_controller.go:671.8,673.3 1 0
catviewer/controllers/cat_controller.go:675.2,675.15 1 0
catviewer/controllers/default.go:11.32,15.2 3 0
catviewer/controllers/cat_controller.go:22.40,30.2 4 1
catviewer/controllers/cat_controller.go:33.42,42.12 2 1
catviewer/controllers/cat_controller.go:42.12,44.17 2 1
catviewer/controllers/cat_controller.go:44.17,51.4 2 0
catviewer/controllers/cat_controller.go:53.3,55.17 3 1
catviewer/controllers/cat_controller.go:55.17,62.4 2 0
catviewer/controllers/cat_controller.go:63.3,67.17 4 1
catviewer/controllers/cat_controller.go:67.17,74.4 2 1
catviewer/controllers/cat_controller.go:75.3,78.17 3 1
catviewer/controllers/cat_controller.go:78.17,85.4 2 0
catviewer/controllers/cat_controller.go:87.3,89.37 3 1
catviewer/controllers/cat_controller.go:89.37,96.4 2 1
catviewer/controllers/cat_controller.go:98.3,104.32 3 1
catviewer/controllers/cat_controller.go:108.2,109.23 2 1
catviewer/controllers/cat_controller.go:109.23,113.3 2 1
catviewer/controllers/cat_controller.go:114.2,114.30 1 1
catviewer/controllers/cat_controller.go:119.36,121.43 2 1
catviewer/controllers/cat_controller.go:121.43,126.3 4 1
catviewer/controllers/cat_controller.go:128.2,129.19 2 1
catviewer/controllers/cat_controller.go:129.19,134.3 4 1
catviewer/controllers/cat_controller.go:137.2,142.43 2 1
catviewer/controllers/cat_controller.go:147.54,149.16 2 1
catviewer/controllers/cat_controller.go:149.16,152.3 2 0
catviewer/controllers/cat_controller.go:154.2,164.12 5 1
catviewer/controllers/cat_controller.go:164.12,166.17 2 1
catviewer/controllers/cat_controller.go:166.17,169.4 2 0
catviewer/controllers/cat_controller.go:171.3,172.17 2 1
catviewer/controllers/cat_controller.go:172.17,175.4 2 0
catviewer/controllers/cat_controller.go:177.3,182.17 5 1
catviewer/controllers/cat_controller.go:182.17,185.4 2 0
catviewer/controllers/cat_controller.go:186.3,189.17 3 1
catviewer/controllers/cat_controller.go:189.17,192.4 2 0
catviewer/controllers/cat_controller.go:194.3,194.44 1 1
catviewer/controllers/cat_controller.go:194.44,196.4 1 0
catviewer/controllers/cat_controller.go:196.9,198.4 1 1
catviewer/controllers/cat_controller.go:202.2,202.9 1 1
catviewer/controllers/cat_controller.go:203.37,204.24 1 0
catviewer/controllers/cat_controller.go:205.29,206.29 1 1
catviewer/controllers/cat_controller.go:212.43,214.16 2 1
catviewer/controllers/cat_controller.go:214.16,218.3 3 0
catviewer/controllers/cat_controller.go:221.2,228.40 4 1
catviewer/controllers/cat_controller.go:228.40,230.17 2 1
catviewer/controllers/cat_controller.go:230.17,233.4 2 0
catviewer/controllers/cat_controller.go:234.3,238.17 4 1
catviewer/controllers/cat_controller.go:238.17,241.4 2 0
catviewer/controllers/cat_controller.go:242.3,245.17 3 1
catviewer/controllers/cat_controller.go:245.17,248.4 2 0
catviewer/controllers/cat_controller.go:250.3,252.17 3 1
catviewer/controllers/cat_controller.go:252.17,255.4 2 1
catviewer/controllers/cat_controller.go:258.3,258.19 1 0
catviewer/controllers/cat_controller.go:262.2,262.9 1 1
catviewer/controllers/cat_controller.go:263.24,266.16 2 0
catviewer/controllers/cat_controller.go:267.23,270.16 2 1
catviewer/controllers/cat_controller.go:291.39,294.35 2 1
catviewer/controllers/cat_controller.go:294.35,298.6 3 1
catviewer/controllers/cat_controller.go:301.5,302.22 2 1
catviewer/controllers/cat_controller.go:302.22,304.6 1 1
catviewer/controllers/cat_controller.go:304.11,306.6 1 1
catviewer/controllers/cat_controller.go:310.54,317.12 4 1
catviewer/controllers/cat_controller.go:318.34,319.32 1 1
catviewer/controllers/cat_controller.go:321.32,324.15 3 0
catviewer/controllers/cat_controller.go:327.5,327.18 1 1
catviewer/controllers/cat_controller.go:331.97,338.19 6 1
catviewer/controllers/cat_controller.go:338.19,341.6 2 0
catviewer/controllers/cat_controller.go:342.5,347.19 5 1
catviewer/controllers/cat_controller.go:347.19,350.6 2 0
catviewer/controllers/cat_controller.go:352.5,352.26 1 1
catviewer/controllers/cat_controller.go:356.69,370.12 9 1
catviewer/controllers/cat_controller.go:371.39,371.39 0 1
catviewer/controllers/cat_controller.go:372.31,375.15 3 0
catviewer/controllers/cat_controller.go:378.5,378.12 1 1
catviewer/controllers/cat_controller.go:379.39,379.39 0 1
catviewer/controllers/cat_controller.go:380.31,383.15 3 0
catviewer/controllers/cat_controller.go:386.5,390.18 2 1
catviewer/controllers/cat_controller.go:394.103,401.19 6 1
catviewer/controllers/cat_controller.go:401.19,404.6 2 0
catviewer/controllers/cat_controller.go:405.5,410.19 5 1
catviewer/controllers/cat_controller.go:410.19,413.6 2 0
catviewer/controllers/cat_controller.go:415.5,415.32 1 1
catviewer/controllers/cat_controller.go:419.103,426.19 6 1
catviewer/controllers/cat_controller.go:426.19,429.6 2 0
catviewer/controllers/cat_controller.go:430.5,437.19 5 1
catviewer/controllers/cat_controller.go:437.19,440.6 2 0
catviewer/controllers/cat_controller.go:442.5,442.32 1 1
catviewer/controllers/cat_controller.go:451.33,453.2 1 1
catviewer/controllers/cat_controller.go:455.41,459.22 2 1
catviewer/controllers/cat_controller.go:459.22,464.6 4 1
catviewer/controllers/cat_controller.go:467.5,475.19 4 1
catviewer/controllers/cat_controller.go:475.19,480.6 4 1
catviewer/controllers/cat_controller.go:483.5,483.46 1 1
catviewer/controllers/cat_controller.go:486.56,488.19 2 1
catviewer/controllers/cat_controller.go:488.19,491.6 2 0
catviewer/controllers/cat_controller.go:493.5,498.19 3 1
catviewer/controllers/cat_controller.go:498.19,501.6 2 0
catviewer/controllers/cat_controller.go:503.5,504.19 2 1
catviewer/controllers/cat_controller.go:504.19,507.6 2 0
catviewer/controllers/cat_controller.go:509.5,514.19 5 1
catviewer/controllers/cat_controller.go:514.19,517.6 2 1
catviewer/controllers/cat_controller.go:518.5,521.19 3 1
catviewer/controllers/cat_controller.go:521.19,524.6 2 0
catviewer/controllers/cat_controller.go:526.5,526.82 1 1
catviewer/controllers/cat_controller.go:526.82,528.6 1 1
catviewer/controllers/cat_controller.go:528.11,530.6 1 1
catviewer/controllers/cat_controller.go:533.46,535.19 2 1
catviewer/controllers/cat_controller.go:535.19,539.6 3 0
catviewer/controllers/cat_controller.go:542.5,549.43 4 1
catviewer/controllers/cat_controller.go:549.43,551.23 2 1
catviewer/controllers/cat_controller.go:551.23,554.10 2 0
catviewer/controllers/cat_controller.go:555.9,559.23 4 1
catviewer/controllers/cat_controller.go:559.23,562.10 2 0
catviewer/controllers/cat_controller.go:563.9,566.23 3 1
catviewer/controllers/cat_controller.go:566.23,569.10 2 0
catviewer/controllers/cat_controller.go:571.9,573.23 3 1
catviewer/controllers/cat_controller.go:573.23,576.10 2 1
catviewer/controllers/cat_controller.go:579.9,579.24 1 0
catviewer/controllers/cat_controller.go:583.5,583.12 1 1
catviewer/controllers/cat_controller.go:584.27,587.22 2 0
catviewer/controllers/cat_controller.go:588.26,591.22 2 1
catviewer/controllers/cat_controller.go:596.47,599.16 2 1
catviewer/controllers/cat_controller.go:599.16,604.3 4 0
catviewer/controllers/cat_controller.go:606.2,615.12 4 1
catviewer/controllers/cat_controller.go:615.12,621.17 4 1
catviewer/controllers/cat_controller.go:621.17,625.4 3 0
catviewer/controllers/cat_controller.go:628.3,636.17 5 1
catviewer/controllers/cat_controller.go:636.17,640.4 3 0
catviewer/controllers/cat_controller.go:641.3,648.17 4 1
catviewer/controllers/cat_controller.go:648.17,652.4 3 0
catviewer/controllers/cat_controller.go:653.3,656.29 2 1
catviewer/controllers/cat_controller.go:656.29,659.4 2 0
catviewer/controllers/cat_controller.go:659.9,662.4 2 1
catviewer/controllers/cat_controller.go:666.2,669.13 2 1
catviewer/controllers/cat_controller.go:669.13,671.3 1 0
catviewer/controllers/cat_controller.go:671.8,673.3 1 1
catviewer/controllers/cat_controller.go:675.2,675.15 1 1
catviewer/controllers/default.go:11.32,15.2 3 0
catviewer/routers/router.go:8.13,26.2 7 1
